2021-09-21T21:40:58.378+0900  INFO 32662 --- [  restartedMain] com.efk.sample.SampleApplication         [  55] : Starting SampleApplication using Java 1.8.0_265 on 192.168.nate.com with PID 32662 (/Users/kwonby/devops/efk_docker/sample/build/classes/java/main started by kwonby in /Users/kwonby/devops/efk_docker/sample)
2021-09-21T21:40:58.380+0900  INFO 32662 --- [  restartedMain] com.efk.sample.SampleApplication         [ 659] : No active profile set, falling back to default profiles: default
2021-09-21T21:40:58.405+0900  INFO 32662 --- [  restartedMain] .e.DevToolsPropertyDefaultsPostProcessor [ 255] : Devtools property defaults active! Set 'spring.devtools.add-properties' to 'false' to disable
2021-09-21T21:40:58.406+0900  INFO 32662 --- [  restartedMain] .e.DevToolsPropertyDefaultsPostProcessor [ 255] : For additional web related logging consider setting the 'logging.level.web' property to 'DEBUG'
2021-09-21T21:40:59.156+0900  INFO 32662 --- [  restartedMain] o.s.b.w.embedded.tomcat.TomcatWebServer  [ 108] : Tomcat initialized with port(s): 8090 (http)
2021-09-21T21:40:59.176+0900  INFO 32662 --- [  restartedMain] o.apache.catalina.core.StandardService   [ 173] : Starting service [Tomcat]
2021-09-21T21:40:59.177+0900  INFO 32662 --- [  restartedMain] org.apache.catalina.core.StandardEngine  [ 173] : Starting Servlet engine: [Apache Tomcat/9.0.52]
2021-09-21T21:40:59.215+0900  INFO 32662 --- [  restartedMain] o.a.c.c.C.[Tomcat].[localhost].[/]       [ 173] : Initializing Spring embedded WebApplicationContext
2021-09-21T21:40:59.215+0900  INFO 32662 --- [  restartedMain] w.s.c.ServletWebServerApplicationContext [ 290] : Root WebApplicationContext: initialization completed in 809 ms
2021-09-21T21:40:59.535+0900  INFO 32662 --- [  restartedMain] pertySourcedRequestMappingHandlerMapping [  69] : Mapped URL path [/v2/api-docs] onto method [springfox.documentation.swagger2.web.Swagger2Controller#getDocumentation(String, HttpServletRequest)]
2021-09-21T21:40:59.628+0900  INFO 32662 --- [  restartedMain] o.s.b.d.a.OptionalLiveReloadServer       [  58] : LiveReload server is running on port 35729
2021-09-21T21:40:59.719+0900  INFO 32662 --- [  restartedMain] o.s.b.w.embedded.tomcat.TomcatWebServer  [ 220] : Tomcat started on port(s): 8090 (http) with context path ''
2021-09-21T21:40:59.720+0900  INFO 32662 --- [  restartedMain] d.s.w.p.DocumentationPluginsBootstrapper [ 160] : Context refreshed
2021-09-21T21:40:59.730+0900  INFO 32662 --- [  restartedMain] d.s.w.p.DocumentationPluginsBootstrapper [ 163] : Found 1 custom documentation plugin(s)
2021-09-21T21:40:59.749+0900  INFO 32662 --- [  restartedMain] s.d.s.w.s.ApiListingReferenceScanner     [  41] : Scanning for api listing references
2021-09-21T21:40:59.881+0900  INFO 32662 --- [  restartedMain] com.efk.sample.SampleApplication         [  61] : Started SampleApplication in 1.804 seconds (JVM running for 2.362)
2021-09-21T21:41:08.756+0900  INFO 32662 --- [nio-8090-exec-1] o.a.c.c.C.[Tomcat].[localhost].[/]       [ 173] : Initializing Spring DispatcherServlet 'dispatcherServlet'
2021-09-21T21:41:08.757+0900  INFO 32662 --- [nio-8090-exec-1] o.s.web.servlet.DispatcherServlet        [ 525] : Initializing Servlet 'dispatcherServlet'
2021-09-21T21:41:08.758+0900  INFO 32662 --- [nio-8090-exec-1] o.s.web.servlet.DispatcherServlet        [ 547] : Completed initialization in 1 ms
2021-09-21T21:41:13.719+0900  INFO 32662 --- [io-8090-exec-10] com.efk.sample.SampleController          [  31] : test 로그!!!!!!!!!!!!!!!!
2021-09-21T21:41:14.815+0900  INFO 32662 --- [nio-8090-exec-2] com.efk.sample.SampleController          [  31] : test 로그!!!!!!!!!!!!!!!!
2021-09-21T21:45:41.214+0900  INFO 32738 --- [  restartedMain] com.efk.sample.SampleApplication         [  55] : Starting SampleApplication using Java 1.8.0_265 on 192.168.nate.com with PID 32738 (/Users/kwonby/devops/efk_docker/sample/build/classes/java/main started by kwonby in /Users/kwonby/devops/efk_docker/sample)
2021-09-21T21:45:41.217+0900  INFO 32738 --- [  restartedMain] com.efk.sample.SampleApplication         [ 663] : The following profiles are active: dev
2021-09-21T21:45:41.268+0900  INFO 32738 --- [  restartedMain] .e.DevToolsPropertyDefaultsPostProcessor [ 255] : Devtools property defaults active! Set 'spring.devtools.add-properties' to 'false' to disable
2021-09-21T21:45:41.268+0900  INFO 32738 --- [  restartedMain] .e.DevToolsPropertyDefaultsPostProcessor [ 255] : For additional web related logging consider setting the 'logging.level.web' property to 'DEBUG'
2021-09-21T21:45:42.174+0900  INFO 32738 --- [  restartedMain] o.s.b.w.embedded.tomcat.TomcatWebServer  [ 108] : Tomcat initialized with port(s): 8090 (http)
2021-09-21T21:45:42.183+0900  INFO 32738 --- [  restartedMain] o.apache.catalina.core.StandardService   [ 173] : Starting service [Tomcat]
2021-09-21T21:45:42.184+0900  INFO 32738 --- [  restartedMain] org.apache.catalina.core.StandardEngine  [ 173] : Starting Servlet engine: [Apache Tomcat/9.0.52]
2021-09-21T21:45:42.239+0900  INFO 32738 --- [  restartedMain] o.a.c.c.C.[Tomcat].[localhost].[/]       [ 173] : Initializing Spring embedded WebApplicationContext
2021-09-21T21:45:42.240+0900  INFO 32738 --- [  restartedMain] w.s.c.ServletWebServerApplicationContext [ 290] : Root WebApplicationContext: initialization completed in 971 ms
2021-09-21T21:45:42.573+0900  INFO 32738 --- [  restartedMain] pertySourcedRequestMappingHandlerMapping [  69] : Mapped URL path [/v2/api-docs] onto method [springfox.documentation.swagger2.web.Swagger2Controller#getDocumentation(String, HttpServletRequest)]
2021-09-21T21:45:42.653+0900  INFO 32738 --- [  restartedMain] o.s.b.d.a.OptionalLiveReloadServer       [  58] : LiveReload server is running on port 35729
2021-09-21T21:45:42.752+0900  INFO 32738 --- [  restartedMain] o.s.b.w.embedded.tomcat.TomcatWebServer  [ 220] : Tomcat started on port(s): 8090 (http) with context path ''
2021-09-21T21:45:42.753+0900  INFO 32738 --- [  restartedMain] d.s.w.p.DocumentationPluginsBootstrapper [ 160] : Context refreshed
2021-09-21T21:45:42.768+0900  INFO 32738 --- [  restartedMain] d.s.w.p.DocumentationPluginsBootstrapper [ 163] : Found 1 custom documentation plugin(s)
2021-09-21T21:45:42.790+0900  INFO 32738 --- [  restartedMain] s.d.s.w.s.ApiListingReferenceScanner     [  41] : Scanning for api listing references
2021-09-21T21:45:42.928+0900  INFO 32738 --- [  restartedMain] com.efk.sample.SampleApplication         [  61] : Started SampleApplication in 2.102 seconds (JVM running for 2.827)
