2021-09-22T11:21:33.268+0900  INFO 33523 --- [  restartedMain] com.efk.sample.SampleApplication         [  55] : Starting SampleApplication using Java 1.8.0_265 on kwonbyui-MacBookPro.local with PID 33523 (/Users/kwonby/devops/efk_docker/sample/build/classes/java/main started by kwonby in /Users/kwonby/devops/efk_docker/sample)
2021-09-22T11:21:33.272+0900  INFO 33523 --- [  restartedMain] com.efk.sample.SampleApplication         [ 663] : The following profiles are active: dev
2021-09-22T11:21:33.298+0900  INFO 33523 --- [  restartedMain] .e.DevToolsPropertyDefaultsPostProcessor [ 255] : Devtools property defaults active! Set 'spring.devtools.add-properties' to 'false' to disable
2021-09-22T11:21:33.299+0900  INFO 33523 --- [  restartedMain] .e.DevToolsPropertyDefaultsPostProcessor [ 255] : For additional web related logging consider setting the 'logging.level.web' property to 'DEBUG'
2021-09-22T11:21:34.075+0900  INFO 33523 --- [  restartedMain] o.s.b.w.embedded.tomcat.TomcatWebServer  [ 108] : Tomcat initialized with port(s): 8090 (http)
2021-09-22T11:21:34.081+0900  INFO 33523 --- [  restartedMain] o.apache.catalina.core.StandardService   [ 173] : Starting service [Tomcat]
2021-09-22T11:21:34.082+0900  INFO 33523 --- [  restartedMain] org.apache.catalina.core.StandardEngine  [ 173] : Starting Servlet engine: [Apache Tomcat/9.0.52]
2021-09-22T11:21:34.119+0900  INFO 33523 --- [  restartedMain] o.a.c.c.C.[Tomcat].[localhost].[/]       [ 173] : Initializing Spring embedded WebApplicationContext
2021-09-22T11:21:34.120+0900  INFO 33523 --- [  restartedMain] w.s.c.ServletWebServerApplicationContext [ 290] : Root WebApplicationContext: initialization completed in 821 ms
2021-09-22T11:21:34.351+0900  INFO 33523 --- [  restartedMain] pertySourcedRequestMappingHandlerMapping [  69] : Mapped URL path [/v2/api-docs] onto method [springfox.documentation.swagger2.web.Swagger2Controller#getDocumentation(String, HttpServletRequest)]
2021-09-22T11:21:34.451+0900  INFO 33523 --- [  restartedMain] o.s.b.d.a.OptionalLiveReloadServer       [  58] : LiveReload server is running on port 35729
2021-09-22T11:21:34.539+0900  INFO 33523 --- [  restartedMain] o.s.b.w.embedded.tomcat.TomcatWebServer  [ 220] : Tomcat started on port(s): 8090 (http) with context path ''
2021-09-22T11:21:34.540+0900  INFO 33523 --- [  restartedMain] d.s.w.p.DocumentationPluginsBootstrapper [ 160] : Context refreshed
2021-09-22T11:21:34.551+0900  INFO 33523 --- [  restartedMain] d.s.w.p.DocumentationPluginsBootstrapper [ 163] : Found 1 custom documentation plugin(s)
2021-09-22T11:21:34.571+0900  INFO 33523 --- [  restartedMain] s.d.s.w.s.ApiListingReferenceScanner     [  41] : Scanning for api listing references
2021-09-22T11:21:34.642+0900  INFO 33523 --- [  restartedMain] com.efk.sample.SampleApplication         [  61] : Started SampleApplication in 1.727 seconds (JVM running for 2.269)
2021-09-22T11:21:36.983+0900  INFO 33523 --- [nio-8090-exec-1] o.a.c.c.C.[Tomcat].[localhost].[/]       [ 173] : Initializing Spring DispatcherServlet 'dispatcherServlet'
2021-09-22T11:21:36.984+0900  INFO 33523 --- [nio-8090-exec-1] o.s.web.servlet.DispatcherServlet        [ 525] : Initializing Servlet 'dispatcherServlet'
2021-09-22T11:21:36.985+0900  INFO 33523 --- [nio-8090-exec-1] o.s.web.servlet.DispatcherServlet        [ 547] : Completed initialization in 1 ms
2021-09-22T11:21:37.000+0900  INFO 33523 --- [nio-8090-exec-1] com.efk.sample.SampleController          [  31] : test 로그!!!!!!!!!!!!!!!!
2021-09-22T11:21:37.127+0900  INFO 33523 --- [nio-8090-exec-2] com.efk.sample.SampleController          [  31] : test 로그!!!!!!!!!!!!!!!!
2021-09-22T11:21:37.395+0900  INFO 33523 --- [nio-8090-exec-3] com.efk.sample.SampleController          [  31] : test 로그!!!!!!!!!!!!!!!!
2021-09-22T11:21:37.721+0900  INFO 33523 --- [nio-8090-exec-4] com.efk.sample.SampleController          [  31] : test 로그!!!!!!!!!!!!!!!!
2021-09-22T12:15:45.011+0900  INFO 34338 --- [  restartedMain] com.efk.sample.SampleApplication         [  55] : Starting SampleApplication using Java 1.8.0_265 on kwonbyui-MacBookPro.local with PID 34338 (/Users/kwonby/devops/efk_docker/sample/build/classes/java/main started by kwonby in /Users/kwonby/devops/efk_docker/sample)
2021-09-22T12:15:45.015+0900  INFO 34338 --- [  restartedMain] com.efk.sample.SampleApplication         [ 663] : The following profiles are active: dev
2021-09-22T12:15:45.062+0900  INFO 34338 --- [  restartedMain] .e.DevToolsPropertyDefaultsPostProcessor [ 255] : Devtools property defaults active! Set 'spring.devtools.add-properties' to 'false' to disable
2021-09-22T12:15:45.063+0900  INFO 34338 --- [  restartedMain] .e.DevToolsPropertyDefaultsPostProcessor [ 255] : For additional web related logging consider setting the 'logging.level.web' property to 'DEBUG'
2021-09-22T12:15:45.901+0900  INFO 34338 --- [  restartedMain] o.s.b.w.embedded.tomcat.TomcatWebServer  [ 108] : Tomcat initialized with port(s): 8090 (http)
2021-09-22T12:15:45.907+0900  INFO 34338 --- [  restartedMain] o.apache.catalina.core.StandardService   [ 173] : Starting service [Tomcat]
2021-09-22T12:15:45.908+0900  INFO 34338 --- [  restartedMain] org.apache.catalina.core.StandardEngine  [ 173] : Starting Servlet engine: [Apache Tomcat/9.0.52]
2021-09-22T12:15:45.947+0900  INFO 34338 --- [  restartedMain] o.a.c.c.C.[Tomcat].[localhost].[/]       [ 173] : Initializing Spring embedded WebApplicationContext
2021-09-22T12:15:45.948+0900  INFO 34338 --- [  restartedMain] w.s.c.ServletWebServerApplicationContext [ 290] : Root WebApplicationContext: initialization completed in 885 ms
2021-09-22T12:15:46.235+0900  INFO 34338 --- [  restartedMain] pertySourcedRequestMappingHandlerMapping [  69] : Mapped URL path [/v2/api-docs] onto method [springfox.documentation.swagger2.web.Swagger2Controller#getDocumentation(String, HttpServletRequest)]
2021-09-22T12:15:46.367+0900  INFO 34338 --- [  restartedMain] o.s.b.d.a.OptionalLiveReloadServer       [  58] : LiveReload server is running on port 35729
2021-09-22T12:15:46.508+0900  INFO 34338 --- [  restartedMain] o.s.b.w.embedded.tomcat.TomcatWebServer  [ 220] : Tomcat started on port(s): 8090 (http) with context path ''
2021-09-22T12:15:46.509+0900  INFO 34338 --- [  restartedMain] d.s.w.p.DocumentationPluginsBootstrapper [ 160] : Context refreshed
2021-09-22T12:15:46.549+0900  INFO 34338 --- [  restartedMain] d.s.w.p.DocumentationPluginsBootstrapper [ 163] : Found 1 custom documentation plugin(s)
2021-09-22T12:15:46.602+0900  INFO 34338 --- [  restartedMain] s.d.s.w.s.ApiListingReferenceScanner     [  41] : Scanning for api listing references
2021-09-22T12:15:46.680+0900  INFO 34338 --- [  restartedMain] com.efk.sample.SampleApplication         [  61] : Started SampleApplication in 2.309 seconds (JVM running for 2.908)
2021-09-22T12:16:05.967+0900  INFO 34338 --- [nio-8090-exec-1] o.a.c.c.C.[Tomcat].[localhost].[/]       [ 173] : Initializing Spring DispatcherServlet 'dispatcherServlet'
2021-09-22T12:16:05.967+0900  INFO 34338 --- [nio-8090-exec-1] o.s.web.servlet.DispatcherServlet        [ 525] : Initializing Servlet 'dispatcherServlet'
2021-09-22T12:16:05.968+0900  INFO 34338 --- [nio-8090-exec-1] o.s.web.servlet.DispatcherServlet        [ 547] : Completed initialization in 1 ms
2021-09-22T12:16:10.630+0900  INFO 34338 --- [nio-8090-exec-9] com.efk.sample.SampleController          [  31] : test 로그!!!!!!!!!!!!!!!!
2021-09-22T12:16:12.001+0900  INFO 34338 --- [nio-8090-exec-1] com.efk.sample.SampleController          [  31] : test 로그!!!!!!!!!!!!!!!!
2021-09-22T14:14:04.950+0900  INFO 34338 --- [nio-8090-exec-5] com.efk.sample.SampleController          [  31] : test 로그!!!!!!!!!!!!!!!!
2021-09-22T14:14:05.875+0900  INFO 34338 --- [nio-8090-exec-4] com.efk.sample.SampleController          [  31] : test 로그!!!!!!!!!!!!!!!!
2021-09-22T14:20:11.136+0900  INFO 39433 --- [  restartedMain] com.efk.sample.SampleApplication         [  55] : Starting SampleApplication using Java 1.8.0_265 on kwonbyui-MacBookPro.local with PID 39433 (/Users/kwonby/devops/efk_docker/sample/build/classes/java/main started by kwonby in /Users/kwonby/devops/efk_docker/sample)
2021-09-22T14:20:11.139+0900  INFO 39433 --- [  restartedMain] com.efk.sample.SampleApplication         [ 663] : The following profiles are active: dev
2021-09-22T14:20:11.173+0900  INFO 39433 --- [  restartedMain] .e.DevToolsPropertyDefaultsPostProcessor [ 255] : Devtools property defaults active! Set 'spring.devtools.add-properties' to 'false' to disable
2021-09-22T14:20:11.173+0900  INFO 39433 --- [  restartedMain] .e.DevToolsPropertyDefaultsPostProcessor [ 255] : For additional web related logging consider setting the 'logging.level.web' property to 'DEBUG'
2021-09-22T14:20:12.086+0900  INFO 39433 --- [  restartedMain] o.s.b.w.embedded.tomcat.TomcatWebServer  [ 108] : Tomcat initialized with port(s): 8090 (http)
2021-09-22T14:20:12.093+0900  INFO 39433 --- [  restartedMain] o.apache.catalina.core.StandardService   [ 173] : Starting service [Tomcat]
2021-09-22T14:20:12.093+0900  INFO 39433 --- [  restartedMain] org.apache.catalina.core.StandardEngine  [ 173] : Starting Servlet engine: [Apache Tomcat/9.0.52]
2021-09-22T14:20:12.135+0900  INFO 39433 --- [  restartedMain] o.a.c.c.C.[Tomcat].[localhost].[/]       [ 173] : Initializing Spring embedded WebApplicationContext
2021-09-22T14:20:12.135+0900  INFO 39433 --- [  restartedMain] w.s.c.ServletWebServerApplicationContext [ 290] : Root WebApplicationContext: initialization completed in 961 ms
2021-09-22T14:20:12.425+0900  INFO 39433 --- [  restartedMain] pertySourcedRequestMappingHandlerMapping [  69] : Mapped URL path [/v2/api-docs] onto method [springfox.documentation.swagger2.web.Swagger2Controller#getDocumentation(String, HttpServletRequest)]
2021-09-22T14:20:12.513+0900  INFO 39433 --- [  restartedMain] o.s.b.d.a.OptionalLiveReloadServer       [  58] : LiveReload server is running on port 35729
2021-09-22T14:20:12.608+0900  INFO 39433 --- [  restartedMain] o.s.b.w.embedded.tomcat.TomcatWebServer  [ 220] : Tomcat started on port(s): 8090 (http) with context path ''
2021-09-22T14:20:12.610+0900  INFO 39433 --- [  restartedMain] d.s.w.p.DocumentationPluginsBootstrapper [ 160] : Context refreshed
2021-09-22T14:20:12.620+0900  INFO 39433 --- [  restartedMain] d.s.w.p.DocumentationPluginsBootstrapper [ 163] : Found 1 custom documentation plugin(s)
2021-09-22T14:20:12.642+0900  INFO 39433 --- [  restartedMain] s.d.s.w.s.ApiListingReferenceScanner     [  41] : Scanning for api listing references
2021-09-22T14:20:12.703+0900  INFO 39433 --- [  restartedMain] com.efk.sample.SampleApplication         [  61] : Started SampleApplication in 2.301 seconds (JVM running for 3.21)
2021-09-22T14:23:48.037+0900  INFO 39433 --- [nio-8090-exec-1] o.a.c.c.C.[Tomcat].[localhost].[/]       [ 173] : Initializing Spring DispatcherServlet 'dispatcherServlet'
2021-09-22T14:23:48.038+0900  INFO 39433 --- [nio-8090-exec-1] o.s.web.servlet.DispatcherServlet        [ 525] : Initializing Servlet 'dispatcherServlet'
2021-09-22T14:23:48.041+0900  INFO 39433 --- [nio-8090-exec-1] o.s.web.servlet.DispatcherServlet        [ 547] : Completed initialization in 2 ms
2021-09-22T14:23:48.064+0900  INFO 39433 --- [nio-8090-exec-1] com.efk.sample.SampleController          [  31] : test 로그!!!!!!!!!!!!!!!!
2021-09-22T14:23:48.571+0900  INFO 39433 --- [nio-8090-exec-2] com.efk.sample.SampleController          [  31] : test 로그!!!!!!!!!!!!!!!!
2021-09-22T14:42:22.825+0900  INFO 39981 --- [  restartedMain] com.efk.sample.SampleApplication         [  55] : Starting SampleApplication using Java 1.8.0_265 on kwonbyui-MacBookPro.local with PID 39981 (/Users/kwonby/devops/efk_docker/sample/build/classes/java/main started by kwonby in /Users/kwonby/devops/efk_docker/sample)
2021-09-22T14:42:22.828+0900  INFO 39981 --- [  restartedMain] com.efk.sample.SampleApplication         [ 663] : The following profiles are active: dev
2021-09-22T14:42:22.862+0900  INFO 39981 --- [  restartedMain] .e.DevToolsPropertyDefaultsPostProcessor [ 255] : Devtools property defaults active! Set 'spring.devtools.add-properties' to 'false' to disable
2021-09-22T14:42:22.862+0900  INFO 39981 --- [  restartedMain] .e.DevToolsPropertyDefaultsPostProcessor [ 255] : For additional web related logging consider setting the 'logging.level.web' property to 'DEBUG'
2021-09-22T14:42:23.824+0900  INFO 39981 --- [  restartedMain] o.s.b.w.embedded.tomcat.TomcatWebServer  [ 108] : Tomcat initialized with port(s): 8090 (http)
2021-09-22T14:42:23.831+0900  INFO 39981 --- [  restartedMain] o.apache.catalina.core.StandardService   [ 173] : Starting service [Tomcat]
2021-09-22T14:42:23.831+0900  INFO 39981 --- [  restartedMain] org.apache.catalina.core.StandardEngine  [ 173] : Starting Servlet engine: [Apache Tomcat/9.0.52]
2021-09-22T14:42:23.870+0900  INFO 39981 --- [  restartedMain] o.a.c.c.C.[Tomcat].[localhost].[/]       [ 173] : Initializing Spring embedded WebApplicationContext
2021-09-22T14:42:23.871+0900  INFO 39981 --- [  restartedMain] w.s.c.ServletWebServerApplicationContext [ 290] : Root WebApplicationContext: initialization completed in 1008 ms
2021-09-22T14:42:24.186+0900  INFO 39981 --- [  restartedMain] pertySourcedRequestMappingHandlerMapping [  69] : Mapped URL path [/v2/api-docs] onto method [springfox.documentation.swagger2.web.Swagger2Controller#getDocumentation(String, HttpServletRequest)]
2021-09-22T14:42:24.275+0900  INFO 39981 --- [  restartedMain] o.s.b.d.a.OptionalLiveReloadServer       [  58] : LiveReload server is running on port 35729
2021-09-22T14:42:24.364+0900  INFO 39981 --- [  restartedMain] o.s.b.w.embedded.tomcat.TomcatWebServer  [ 220] : Tomcat started on port(s): 8090 (http) with context path ''
2021-09-22T14:42:24.365+0900  INFO 39981 --- [  restartedMain] d.s.w.p.DocumentationPluginsBootstrapper [ 160] : Context refreshed
2021-09-22T14:42:24.377+0900  INFO 39981 --- [  restartedMain] d.s.w.p.DocumentationPluginsBootstrapper [ 163] : Found 1 custom documentation plugin(s)
2021-09-22T14:42:24.397+0900  INFO 39981 --- [  restartedMain] s.d.s.w.s.ApiListingReferenceScanner     [  41] : Scanning for api listing references
2021-09-22T14:42:24.463+0900  INFO 39981 --- [  restartedMain] com.efk.sample.SampleApplication         [  61] : Started SampleApplication in 2.178 seconds (JVM running for 2.729)
2021-09-22T14:43:57.762+0900  INFO 39981 --- [nio-8090-exec-1] o.a.c.c.C.[Tomcat].[localhost].[/]       [ 173] : Initializing Spring DispatcherServlet 'dispatcherServlet'
2021-09-22T14:43:57.764+0900  INFO 39981 --- [nio-8090-exec-1] o.s.web.servlet.DispatcherServlet        [ 525] : Initializing Servlet 'dispatcherServlet'
2021-09-22T14:43:57.765+0900  INFO 39981 --- [nio-8090-exec-1] o.s.web.servlet.DispatcherServlet        [ 547] : Completed initialization in 1 ms
2021-09-22T14:44:02.114+0900  INFO 39981 --- [nio-8090-exec-9] com.efk.sample.SampleController          [  31] : test 로그!!!!!!!!!!!!!!!!
2021-09-22T14:44:03.593+0900  INFO 39981 --- [nio-8090-exec-2] com.efk.sample.SampleController          [  31] : test 로그!!!!!!!!!!!!!!!!
2021-09-22T14:44:03.966+0900  INFO 39981 --- [nio-8090-exec-3] com.efk.sample.SampleController          [  31] : test 로그!!!!!!!!!!!!!!!!
2021-09-22T14:44:04.244+0900  INFO 39981 --- [io-8090-exec-10] com.efk.sample.SampleController          [  31] : test 로그!!!!!!!!!!!!!!!!
2021-09-22T14:44:39.741+0900  INFO 39981 --- [nio-8090-exec-6] com.efk.sample.SampleController          [  31] : test 로그!!!!!!!!!!!!!!!!
2021-09-22T14:44:39.934+0900  INFO 39981 --- [nio-8090-exec-5] com.efk.sample.SampleController          [  31] : test 로그!!!!!!!!!!!!!!!!
2021-09-22T14:44:40.144+0900  INFO 39981 --- [nio-8090-exec-4] com.efk.sample.SampleController          [  31] : test 로그!!!!!!!!!!!!!!!!
2021-09-22T14:44:40.341+0900  INFO 39981 --- [nio-8090-exec-7] com.efk.sample.SampleController          [  31] : test 로그!!!!!!!!!!!!!!!!
2021-09-22T15:06:40.009+0900  INFO 40322 --- [  restartedMain] com.efk.sample.SampleApplication         [  55] : Starting SampleApplication using Java 1.8.0_265 on kwonbyui-MacBookPro.local with PID 40322 (/Users/kwonby/devops/efk_docker/sample/build/classes/java/main started by kwonby in /Users/kwonby/devops/efk_docker/sample)
2021-09-22T15:06:40.017+0900  INFO 40322 --- [  restartedMain] com.efk.sample.SampleApplication         [ 663] : The following profiles are active: dev
2021-09-22T15:06:40.084+0900  INFO 40322 --- [  restartedMain] .e.DevToolsPropertyDefaultsPostProcessor [ 255] : Devtools property defaults active! Set 'spring.devtools.add-properties' to 'false' to disable
2021-09-22T15:06:40.084+0900  INFO 40322 --- [  restartedMain] .e.DevToolsPropertyDefaultsPostProcessor [ 255] : For additional web related logging consider setting the 'logging.level.web' property to 'DEBUG'
2021-09-22T15:06:41.447+0900  INFO 40322 --- [  restartedMain] o.s.b.w.embedded.tomcat.TomcatWebServer  [ 108] : Tomcat initialized with port(s): 8090 (http)
2021-09-22T15:06:41.459+0900  INFO 40322 --- [  restartedMain] o.apache.catalina.core.StandardService   [ 173] : Starting service [Tomcat]
2021-09-22T15:06:41.459+0900  INFO 40322 --- [  restartedMain] org.apache.catalina.core.StandardEngine  [ 173] : Starting Servlet engine: [Apache Tomcat/9.0.52]
2021-09-22T15:06:41.517+0900  INFO 40322 --- [  restartedMain] o.a.c.c.C.[Tomcat].[localhost].[/]       [ 173] : Initializing Spring embedded WebApplicationContext
2021-09-22T15:06:41.517+0900  INFO 40322 --- [  restartedMain] w.s.c.ServletWebServerApplicationContext [ 290] : Root WebApplicationContext: initialization completed in 1432 ms
2021-09-22T15:06:41.918+0900  INFO 40322 --- [  restartedMain] pertySourcedRequestMappingHandlerMapping [  69] : Mapped URL path [/v2/api-docs] onto method [springfox.documentation.swagger2.web.Swagger2Controller#getDocumentation(String, HttpServletRequest)]
2021-09-22T15:06:42.024+0900  INFO 40322 --- [  restartedMain] o.s.b.d.a.OptionalLiveReloadServer       [  58] : LiveReload server is running on port 35729
2021-09-22T15:06:42.137+0900  INFO 40322 --- [  restartedMain] o.s.b.w.embedded.tomcat.TomcatWebServer  [ 220] : Tomcat started on port(s): 8090 (http) with context path ''
2021-09-22T15:06:42.139+0900  INFO 40322 --- [  restartedMain] d.s.w.p.DocumentationPluginsBootstrapper [ 160] : Context refreshed
2021-09-22T15:06:42.160+0900  INFO 40322 --- [  restartedMain] d.s.w.p.DocumentationPluginsBootstrapper [ 163] : Found 1 custom documentation plugin(s)
2021-09-22T15:06:42.196+0900  INFO 40322 --- [  restartedMain] s.d.s.w.s.ApiListingReferenceScanner     [  41] : Scanning for api listing references
2021-09-22T15:06:42.282+0900  INFO 40322 --- [  restartedMain] com.efk.sample.SampleApplication         [  61] : Started SampleApplication in 3.113 seconds (JVM running for 3.878)
2021-09-22T15:13:57.520+0900  INFO 40322 --- [nio-8090-exec-1] o.a.c.c.C.[Tomcat].[localhost].[/]       [ 173] : Initializing Spring DispatcherServlet 'dispatcherServlet'
2021-09-22T15:13:57.520+0900  INFO 40322 --- [nio-8090-exec-1] o.s.web.servlet.DispatcherServlet        [ 525] : Initializing Servlet 'dispatcherServlet'
2021-09-22T15:13:57.522+0900  INFO 40322 --- [nio-8090-exec-1] o.s.web.servlet.DispatcherServlet        [ 547] : Completed initialization in 1 ms
2021-09-22T15:13:57.545+0900  INFO 40322 --- [nio-8090-exec-1] com.efk.sample.SampleController          [  31] : test 로그!!!!!!!!!!!!!!!!
2021-09-22T15:13:57.575+0900  INFO 40322 --- [nio-8090-exec-1] com.efk.sample.SampleController          [  31] : test 로그!!!!!!!!!!!!!!!!
2021-09-22T15:13:57.579+0900  INFO 40322 --- [nio-8090-exec-2] com.efk.sample.SampleController          [  31] : test 로그!!!!!!!!!!!!!!!!
2021-09-22T15:13:57.801+0900  INFO 40322 --- [nio-8090-exec-3] com.efk.sample.SampleController          [  31] : test 로그!!!!!!!!!!!!!!!!
2021-09-22T15:13:58.050+0900  INFO 40322 --- [nio-8090-exec-4] com.efk.sample.SampleController          [  31] : test 로그!!!!!!!!!!!!!!!!
2021-09-22T15:13:58.289+0900  INFO 40322 --- [nio-8090-exec-5] com.efk.sample.SampleController          [  31] : test 로그!!!!!!!!!!!!!!!!
2021-09-22T15:13:58.520+0900  INFO 40322 --- [nio-8090-exec-6] com.efk.sample.SampleController          [  31] : test 로그!!!!!!!!!!!!!!!!
2021-09-22T15:13:58.742+0900  INFO 40322 --- [nio-8090-exec-7] com.efk.sample.SampleController          [  31] : test 로그!!!!!!!!!!!!!!!!
2021-09-22T15:13:58.971+0900  INFO 40322 --- [nio-8090-exec-8] com.efk.sample.SampleController          [  31] : test 로그!!!!!!!!!!!!!!!!
