2021-09-22 11:21:33.268  INFO 33523 --- [restartedMain] com.efk.sample.SampleApplication         : Starting SampleApplication using Java 1.8.0_265 on kwonbyui-MacBookPro.local with PID 33523 (/Users/kwonby/devops/efk_docker/sample/build/classes/java/main started by kwonby in /Users/kwonby/devops/efk_docker/sample)
2021-09-22 11:21:33.272  INFO 33523 --- [restartedMain] com.efk.sample.SampleApplication         : The following profiles are active: dev
2021-09-22 11:21:33.298  INFO 33523 --- [restartedMain] .e.DevToolsPropertyDefaultsPostProcessor : Devtools property defaults active! Set 'spring.devtools.add-properties' to 'false' to disable
2021-09-22 11:21:33.299  INFO 33523 --- [restartedMain] .e.DevToolsPropertyDefaultsPostProcessor : For additional web related logging consider setting the 'logging.level.web' property to 'DEBUG'
2021-09-22 11:21:34.075  INFO 33523 --- [restartedMain] o.s.b.w.embedded.tomcat.TomcatWebServer  : Tomcat initialized with port(s): 8090 (http)
2021-09-22 11:21:34.081  INFO 33523 --- [restartedMain] o.apache.catalina.core.StandardService   : Starting service [Tomcat]
2021-09-22 11:21:34.082  INFO 33523 --- [restartedMain] org.apache.catalina.core.StandardEngine  : Starting Servlet engine: [Apache Tomcat/9.0.52]
2021-09-22 11:21:34.119  INFO 33523 --- [restartedMain] o.a.c.c.C.[Tomcat].[localhost].[/]       : Initializing Spring embedded WebApplicationContext
2021-09-22 11:21:34.120  INFO 33523 --- [restartedMain] w.s.c.ServletWebServerApplicationContext : Root WebApplicationContext: initialization completed in 821 ms
2021-09-22 11:21:34.351  INFO 33523 --- [restartedMain] pertySourcedRequestMappingHandlerMapping : Mapped URL path [/v2/api-docs] onto method [springfox.documentation.swagger2.web.Swagger2Controller#getDocumentation(String, HttpServletRequest)]
2021-09-22 11:21:34.451  INFO 33523 --- [restartedMain] o.s.b.d.a.OptionalLiveReloadServer       : LiveReload server is running on port 35729
2021-09-22 11:21:34.539  INFO 33523 --- [restartedMain] o.s.b.w.embedded.tomcat.TomcatWebServer  : Tomcat started on port(s): 8090 (http) with context path ''
2021-09-22 11:21:34.540  INFO 33523 --- [restartedMain] d.s.w.p.DocumentationPluginsBootstrapper : Context refreshed
2021-09-22 11:21:34.551  INFO 33523 --- [restartedMain] d.s.w.p.DocumentationPluginsBootstrapper : Found 1 custom documentation plugin(s)
2021-09-22 11:21:34.571  INFO 33523 --- [restartedMain] s.d.s.w.s.ApiListingReferenceScanner     : Scanning for api listing references
2021-09-22 11:21:34.642  INFO 33523 --- [restartedMain] com.efk.sample.SampleApplication         : Started SampleApplication in 1.727 seconds (JVM running for 2.269)
2021-09-22 11:21:36.983  INFO 33523 --- [http-nio-8090-exec-1] o.a.c.c.C.[Tomcat].[localhost].[/]       : Initializing Spring DispatcherServlet 'dispatcherServlet'
2021-09-22 11:21:36.984  INFO 33523 --- [http-nio-8090-exec-1] o.s.web.servlet.DispatcherServlet        : Initializing Servlet 'dispatcherServlet'
2021-09-22 11:21:36.985  INFO 33523 --- [http-nio-8090-exec-1] o.s.web.servlet.DispatcherServlet        : Completed initialization in 1 ms
2021-09-22 11:21:37.000  INFO 33523 --- [http-nio-8090-exec-1] com.efk.sample.SampleController          : test 로그!!!!!!!!!!!!!!!!
2021-09-22 11:21:37.127  INFO 33523 --- [http-nio-8090-exec-2] com.efk.sample.SampleController          : test 로그!!!!!!!!!!!!!!!!
2021-09-22 11:21:37.395  INFO 33523 --- [http-nio-8090-exec-3] com.efk.sample.SampleController          : test 로그!!!!!!!!!!!!!!!!
2021-09-22 11:21:37.721  INFO 33523 --- [http-nio-8090-exec-4] com.efk.sample.SampleController          : test 로그!!!!!!!!!!!!!!!!
